<?xml version="1.0" encoding="UTF-8"?>
<!-- Generated by org.testng.reporters.JUnitReportReporter -->
<testsuite hostname="NiveeDaisy" failures="0" tests="1" name="com.Actitime.pom.CreateCustomerTest" time="7.009" errors="0" timestamp="2024-08-22T08:25:01 IST" skipped="0">
  <testcase classname="com.Actitime.pom.CreateCustomerTest" name="CreateCust" time="7.009"/>
</testsuite> <!-- com.Actitime.pom.CreateCustomerTest -->
